

Microchip MPLAB XC8 Assembler V2.20 build 20200408173844 
                                                                                               Tue Feb 16 15:34:37 2021

Microchip MPLAB XC8 C Compiler v2.20 (Free license) build 20200408173844 Og1 
     1                           	processor	12F683
     2                           	pagewidth 120
     3                           	opt	flic
     4                           	psect	cinit,global,class=CODE,merge=1,delta=2
     5                           	psect	cstackCOMMON,global,class=COMMON,space=1,delta=1,noexec
     6                           	psect	maintext,global,class=CODE,split=1,delta=2
     7                           	psect	config,global,abs,ovrld,class=CONFIG,space=4,delta=2,noexec
     8                           	dabs	1,0x7E,2
     9  0000                     
    10                           ; Version 2.20
    11                           ; Generated 09/04/2020 GMT
    12                           ; 
    13                           ; Copyright © 2020, Microchip Technology Inc. and its subsidiaries ("Microchip")
    14                           ; All rights reserved.
    15                           ; 
    16                           ; This software is developed by Microchip Technology Inc. and its subsidiaries ("Microch
      +                          ip").
    17                           ; 
    18                           ; Redistribution and use in source and binary forms, with or without modification, are
    19                           ; permitted provided that the following conditions are met:
    20                           ; 
    21                           ;     1. Redistributions of source code must retain the above copyright notice, this lis
      +                          t of
    22                           ;        conditions and the following disclaimer.
    23                           ; 
    24                           ;     2. Redistributions in binary form must reproduce the above copyright notice, this 
      +                          list
    25                           ;        of conditions and the following disclaimer in the documentation and/or other
    26                           ;        materials provided with the distribution.
    27                           ; 
    28                           ;     3. Microchip's name may not be used to endorse or promote products derived from th
      +                          is
    29                           ;        software without specific prior written permission.
    30                           ; 
    31                           ; THIS SOFTWARE IS PROVIDED BY MICROCHIP "AS IS" AND ANY EXPRESS OR IMPLIED WARRANTIES,
    32                           ; INCLUDING, BUT NOT LIMITED TO, THE IMPLIED WARRANTIES OF MERCHANTABILITY AND FITNESS F
      +                          OR
    33                           ; PURPOSE ARE DISCLAIMED.  IN NO EVENT SHALL MICROCHIP BE LIABLE FOR ANY DIRECT, INDIREC
      +                          T,
    34                           ; INCIDENTAL, SPECIAL, EXEMPLARY, OR CONSEQUENTIAL DAMAGES (INCLUDING BUT NOT LIMITED TO
    35                           ; PROCUREMENT OF SUBSTITUTE GOODS OR SERVICES; LOSS OF USE, DATA OR PROFITS; OR BUSINESS
    36                           ; INTERRUPTION) HOWSOEVER CAUSED AND ON ANY THEORY OF LIABILITY, WHETHER IN CONTRACT, ST
      +                          RICT
    37                           ; LIABILITY, OR TORT (INCLUDING NEGLIGENCE OR OTHERWISE) ARISING IN ANY WAY OUT OF THE U
      +                          SE OF
    38                           ; THIS SOFTWARE, EVEN IF ADVISED OF THE POSSIBILITY OF SUCH DAMAGE.
    39                           ; 
    40                           ; 
    41                           ; Code-generator required, PIC12F683 Definitions
    42                           ; 
    43                           ; SFR Addresses
    44  0000                     	;# 
    45  0001                     	;# 
    46  0002                     	;# 
    47  0003                     	;# 
    48  0004                     	;# 
    49  0005                     	;# 
    50  000A                     	;# 
    51  000B                     	;# 
    52  000C                     	;# 
    53  000E                     	;# 
    54  000E                     	;# 
    55  000F                     	;# 
    56  0010                     	;# 
    57  0011                     	;# 
    58  0012                     	;# 
    59  0013                     	;# 
    60  0013                     	;# 
    61  0014                     	;# 
    62  0015                     	;# 
    63  0018                     	;# 
    64  0019                     	;# 
    65  001A                     	;# 
    66  001E                     	;# 
    67  001F                     	;# 
    68  0081                     	;# 
    69  0085                     	;# 
    70  008C                     	;# 
    71  008E                     	;# 
    72  008F                     	;# 
    73  0090                     	;# 
    74  0092                     	;# 
    75  0095                     	;# 
    76  0095                     	;# 
    77  0096                     	;# 
    78  0096                     	;# 
    79  0099                     	;# 
    80  009A                     	;# 
    81  009A                     	;# 
    82  009B                     	;# 
    83  009C                     	;# 
    84  009D                     	;# 
    85  009E                     	;# 
    86  009F                     	;# 
    87  0000                     	;# 
    88  0001                     	;# 
    89  0002                     	;# 
    90  0003                     	;# 
    91  0004                     	;# 
    92  0005                     	;# 
    93  000A                     	;# 
    94  000B                     	;# 
    95  000C                     	;# 
    96  000E                     	;# 
    97  000E                     	;# 
    98  000F                     	;# 
    99  0010                     	;# 
   100  0011                     	;# 
   101  0012                     	;# 
   102  0013                     	;# 
   103  0013                     	;# 
   104  0014                     	;# 
   105  0015                     	;# 
   106  0018                     	;# 
   107  0019                     	;# 
   108  001A                     	;# 
   109  001E                     	;# 
   110  001F                     	;# 
   111  0081                     	;# 
   112  0085                     	;# 
   113  008C                     	;# 
   114  008E                     	;# 
   115  008F                     	;# 
   116  0090                     	;# 
   117  0092                     	;# 
   118  0095                     	;# 
   119  0095                     	;# 
   120  0096                     	;# 
   121  0096                     	;# 
   122  0099                     	;# 
   123  009A                     	;# 
   124  009A                     	;# 
   125  009B                     	;# 
   126  009C                     	;# 
   127  009D                     	;# 
   128  009E                     	;# 
   129  009F                     	;# 
   130  0005                     _GPIObits	set	5
   131  0018                     _WDTCON	set	24
   132  0005                     _GPIO	set	5
   133  0019                     _CMCON0	set	25
   134  001F                     _ADCON0	set	31
   135  00C0                     _SWDTEN	set	192
   136  0081                     _OPTION_REG	set	129
   137  0085                     _TRISIO	set	133
   138  0099                     _VRCON	set	153
   139  009F                     _ANSEL	set	159
   140                           
   141                           	psect	cinit
   142  07FE                     start_initialization:	
   143                           ; #config settings
   144                           
   145  07FE                     __initialization:
   146  07FE                     end_of_initialization:	
   147                           ;End of C runtime variable initialization code
   148                           
   149  07FE                     __end_of__initialization:
   150  07FE  0183               	clrf	3
   151  07FF  2F8E               	ljmp	_main	;jump to C main() function
   152                           
   153                           	psect	cstackCOMMON
   154  0070                     __pcstackCOMMON:
   155  0070                     ?_main:
   156  0070                     ??_main:	
   157                           ; 1 bytes @ 0x0
   158                           
   159                           
   160                           ; 1 bytes @ 0x0
   161  0070                     	ds	3
   162  0073                     main@interval:
   163                           
   164                           ; 2 bytes @ 0x3
   165  0073                     	ds	2
   166  0075                     main@timeout:
   167                           
   168                           ; 2 bytes @ 0x5
   169  0075                     	ds	2
   170  0077                     main@ct:
   171                           
   172                           ; 2 bytes @ 0x7
   173  0077                     	ds	2
   174  0079                     main@i:
   175                           
   176                           ; 2 bytes @ 0x9
   177  0079                     	ds	2
   178                           
   179                           	psect	maintext
   180  078E                     __pmaintext:	
   181 ;;
   182 ;;Main: autosize = 0, tempsize = 3, incstack = 0, save=0
   183 ;;
   184 ;; *************** function _main *****************
   185 ;; Defined at:
   186 ;;		line 40 in file "PIC12.c"
   187 ;; Parameters:    Size  Location     Type
   188 ;;		None
   189 ;; Auto vars:     Size  Location     Type
   190 ;;  i               2    9[COMMON] unsigned int 
   191 ;;  ct              2    7[COMMON] unsigned int 
   192 ;;  timeout         2    5[COMMON] unsigned int 
   193 ;;  interval        2    3[COMMON] unsigned int 
   194 ;; Return value:  Size  Location     Type
   195 ;;                  1    wreg      void 
   196 ;; Registers used:
   197 ;;		wreg, status,2
   198 ;; Tracked objects:
   199 ;;		On entry : B00/0
   200 ;;		On exit  : 0/0
   201 ;;		Unchanged: 0/0
   202 ;; Data sizes:     COMMON   BANK0   BANK1
   203 ;;      Params:         0       0       0
   204 ;;      Locals:         8       0       0
   205 ;;      Temps:          3       0       0
   206 ;;      Totals:        11       0       0
   207 ;;Total ram usage:       11 bytes
   208 ;; This function calls:
   209 ;;		Nothing
   210 ;; This function is called by:
   211 ;;		Startup code after reset
   212 ;; This function uses a non-reentrant model
   213 ;;
   214                           
   215                           
   216                           ;psect for function _main
   217  078E                     _main:
   218  078E                     l627:	
   219                           ;incstack = 0
   220                           ; Regs used in _main: [wreg+status,2]
   221                           
   222                           
   223                           ;PIC12.c: 42:     ANSEL = 0x00;
   224  078E  1683               	bsf	3,5	;RP0=1, select bank1
   225  078F  019F               	clrf	31	;volatile
   226                           
   227                           ;PIC12.c: 43:     ADCON0 = 0x00;
   228  0790  1283               	bcf	3,5	;RP0=0, select bank0
   229  0791  019F               	clrf	31	;volatile
   230  0792                     l629:
   231                           
   232                           ;PIC12.c: 44:     CMCON0 = 0x07;
   233  0792  3007               	movlw	7
   234  0793  0099               	movwf	25	;volatile
   235  0794                     l631:
   236                           
   237                           ;PIC12.c: 45:     VRCON = 0x00;
   238  0794  1683               	bsf	3,5	;RP0=1, select bank1
   239  0795  0199               	clrf	25	;volatile
   240                           
   241                           ;PIC12.c: 46:     TRISIO = 0x08;
   242  0796  3008               	movlw	8
   243  0797  0085               	movwf	5	;volatile
   244  0798                     l633:
   245                           
   246                           ;PIC12.c: 47:     GPIO = 0x00;
   247  0798  1283               	bcf	3,5	;RP0=0, select bank0
   248  0799  0185               	clrf	5	;volatile
   249  079A                     l635:
   250                           
   251                           ;PIC12.c: 48:     OPTION_REG = 000;
   252  079A  1683               	bsf	3,5	;RP0=1, select bank1
   253  079B  0181               	clrf	1	;volatile
   254                           
   255                           ;PIC12.c: 49:     WDTCON = 1010;
   256  079C  30F2               	movlw	242
   257  079D  1283               	bcf	3,5	;RP0=0, select bank0
   258  079E  0098               	movwf	24	;volatile
   259                           
   260                           ;PIC12.c: 51:     unsigned int interval = 100;
   261  079F  3064               	movlw	100
   262  07A0  00F3               	movwf	main@interval
   263  07A1  3000               	movlw	0
   264  07A2  00F4               	movwf	main@interval+1
   265                           
   266                           ;PIC12.c: 53:     unsigned int ct;;PIC12.c: 54:     unsigned int i;;PIC12.c: 55:     uns
      +                          igned int timeout = 500;
   267  07A3  30F4               	movlw	244
   268  07A4  00F5               	movwf	main@timeout
   269  07A5  3001               	movlw	1
   270  07A6  00F6               	movwf	main@timeout+1
   271  07A7                     l637:
   272                           
   273                           ;PIC12.c: 57:     GPIObits.GP4 = 1;
   274  07A7  1605               	bsf	5,4	;volatile
   275                           
   276                           ;PIC12.c: 58:     _delay((unsigned long)((1000)*(4000000/4000.0)));
   277  07A8  3006               	movlw	6
   278  07A9  00F2               	movwf	??_main+2
   279  07AA  3013               	movlw	19
   280  07AB  00F1               	movwf	??_main+1
   281  07AC  30AD               	movlw	173
   282  07AD  00F0               	movwf	??_main
   283  07AE                     u47:
   284  07AE  0BF0               	decfsz	??_main,f
   285  07AF  2FAE               	goto	u47
   286  07B0  0BF1               	decfsz	??_main+1,f
   287  07B1  2FAE               	goto	u47
   288  07B2  0BF2               	decfsz	??_main+2,f
   289  07B3  2FAE               	goto	u47
   290  07B4  2FB5               	nop2
   291  07B5                     l639:
   292                           
   293                           ;PIC12.c: 59:     GPIObits.GP4 = 0;
   294  07B5  1283               	bcf	3,5	;RP0=0, select bank0
   295  07B6  1205               	bcf	5,4	;volatile
   296  07B7                     l641:
   297                           
   298                           ;PIC12.c: 61:     SWDTEN = 1;
   299  07B7  1418               	bsf	24,0	;volatile
   300  07B8                     l27:	
   301                           ;PIC12.c: 63:     while(1)
   302                           
   303                           
   304                           ;PIC12.c: 64:     {;PIC12.c: 65:         ct++;
   305  07B8  3001               	movlw	1
   306  07B9  07F7               	addwf	main@ct,f
   307  07BA  1803               	skipnc
   308  07BB  0AF8               	incf	main@ct+1,f
   309  07BC  3000               	movlw	0
   310  07BD  07F8               	addwf	main@ct+1,f
   311                           
   312                           ;PIC12.c: 66:         if (ct >= interval){
   313  07BE  0874               	movf	main@interval+1,w
   314  07BF  0278               	subwf	main@ct+1,w
   315  07C0  1D03               	skipz
   316  07C1  2FC4               	goto	u15
   317  07C2  0873               	movf	main@interval,w
   318  07C3  0277               	subwf	main@ct,w
   319  07C4                     u15:
   320  07C4  1C03               	skipc
   321  07C5  2FC7               	goto	u11
   322  07C6  2FC8               	goto	u10
   323  07C7                     u11:
   324  07C7  2FFB               	goto	l28
   325  07C8                     u10:
   326  07C8                     l643:
   327                           
   328                           ;PIC12.c: 67:             SWDTEN = 0;
   329  07C8  1283               	bcf	3,5	;RP0=0, select bank0
   330  07C9  1018               	bcf	24,0	;volatile
   331  07CA                     l645:
   332                           
   333                           ;PIC12.c: 68:             ct = 0;
   334  07CA  01F7               	clrf	main@ct
   335  07CB  01F8               	clrf	main@ct+1
   336  07CC                     l647:
   337                           
   338                           ;PIC12.c: 69:             GPIObits. GP2 = 1;
   339  07CC  1505               	bsf	5,2	;volatile
   340  07CD                     l649:
   341                           
   342                           ;PIC12.c: 70:             _delay((unsigned long)((100)*(4000000/4000.0)));
   343  07CD  3082               	movlw	130
   344  07CE  00F1               	movwf	??_main+1
   345  07CF  30DD               	movlw	221
   346  07D0  00F0               	movwf	??_main
   347  07D1                     u57:
   348  07D1  0BF0               	decfsz	??_main,f
   349  07D2  2FD1               	goto	u57
   350  07D3  0BF1               	decfsz	??_main+1,f
   351  07D4  2FD1               	goto	u57
   352  07D5  2FD6               	nop2
   353  07D6                     l651:
   354                           
   355                           ;PIC12.c: 71:             for(i=0; i<timeout; i++)
   356  07D6  01F9               	clrf	main@i
   357  07D7  01FA               	clrf	main@i+1
   358  07D8  2FEE               	goto	l29
   359  07D9                     l30:
   360                           
   361                           ;PIC12.c: 72:             {;PIC12.c: 73:                 if (GPIObits. GP3 == 1)
   362  07D9  1283               	bcf	3,5	;RP0=0, select bank0
   363  07DA  1D85               	btfss	5,3	;volatile
   364  07DB  2FDD               	goto	u21
   365  07DC  2FDE               	goto	u20
   366  07DD                     u21:
   367  07DD  2FDF               	goto	l655
   368  07DE                     u20:
   369  07DE  2FF8               	goto	l32
   370  07DF                     l655:
   371                           
   372                           ;PIC12.c: 77:                  _delay((unsigned long)((10)*(4000000/4000.0)));
   373  07DF  300D               	movlw	13
   374  07E0  00F1               	movwf	??_main+1
   375  07E1  30FB               	movlw	251
   376  07E2  00F0               	movwf	??_main
   377  07E3                     u67:
   378  07E3  0BF0               	decfsz	??_main,f
   379  07E4  2FE3               	goto	u67
   380  07E5  0BF1               	decfsz	??_main+1,f
   381  07E6  2FE3               	goto	u67
   382  07E7  2FE8               	nop2
   383                           
   384                           ;PIC12.c: 78:             }
   385  07E8  3001               	movlw	1
   386  07E9  07F9               	addwf	main@i,f
   387  07EA  1803               	skipnc
   388  07EB  0AFA               	incf	main@i+1,f
   389  07EC  3000               	movlw	0
   390  07ED  07FA               	addwf	main@i+1,f
   391  07EE                     l29:
   392  07EE  0876               	movf	main@timeout+1,w
   393  07EF  027A               	subwf	main@i+1,w
   394  07F0  1D03               	skipz
   395  07F1  2FF4               	goto	u35
   396  07F2  0875               	movf	main@timeout,w
   397  07F3  0279               	subwf	main@i,w
   398  07F4                     u35:
   399  07F4  1C03               	skipc
   400  07F5  2FF7               	goto	u31
   401  07F6  2FF8               	goto	u30
   402  07F7                     u31:
   403  07F7  2FD9               	goto	l30
   404  07F8                     u30:
   405  07F8                     l32:
   406                           
   407                           ;PIC12.c: 79:             GPIObits. GP2 = 0;
   408  07F8  1283               	bcf	3,5	;RP0=0, select bank0
   409  07F9  1105               	bcf	5,2	;volatile
   410                           
   411                           ;PIC12.c: 80:             SWDTEN = 1;
   412  07FA  1418               	bsf	24,0	;volatile
   413  07FB                     l28:	
   414                           ;PIC12.c: 81:             }
   415                           
   416  07FB  0063               	sleep	;# 
   417  07FC  2FB8               	goto	l27
   418  07FD  2800               	ljmp	start
   419  07FE                     __end_of_main:
   420  007E                     btemp	set	126	;btemp
   421  007E                     wtemp0	set	126
   422                           
   423                           	psect	config
   424                           
   425                           ;Config register CONFIG @ 0x2007
   426                           ;	Oscillator Selection bits
   427                           ;	FOSC = INTOSCIO, INTOSCIO oscillator: I/O function on RA4/OSC2/CLKOUT pin, I/O functio
      +                          n on RA5/OSC1/CLKIN
   428                           ;	Watchdog Timer Enable bit
   429                           ;	WDTE = OFF, WDT disabled
   430                           ;	Power-up Timer Enable bit
   431                           ;	PWRTE = ON, PWRT enabled
   432                           ;	MCLR Pin Function Select bit
   433                           ;	MCLRE = OFF, MCLR pin function is digital input, MCLR internally tied to VDD
   434                           ;	Code Protection bit
   435                           ;	CP = OFF, Program memory code protection is disabled
   436                           ;	Data Code Protection bit
   437                           ;	CPD = OFF, Data memory code protection is disabled
   438                           ;	Brown Out Detect
   439                           ;	BOREN = OFF, BOR disabled
   440                           ;	Internal External Switchover bit
   441                           ;	IESO = OFF, Internal External Switchover mode is disabled
   442                           ;	Fail-Safe Clock Monitor Enabled bit
   443                           ;	FCMEN = 0x1, unprogrammed default
   444  2007                     	org	8199
   445  2007  38C4               	dw	14532

Data Sizes:
    Strings     0
    Constant    0
    Data        0
    BSS         0
    Persistent  0
    Stack       0

Auto Spaces:
    Space          Size  Autos    Used
    COMMON           14     11      11
    BANK0            80      0       0
    BANK1            32      0       0

Pointer List with Targets:

    None.

Critical Paths under _main in COMMON

    None.

Critical Paths under _main in BANK0

    None.

Critical Paths under _main in BANK1

    None.

Call Graph Tables:

 ---------------------------------------------------------------------------------
 (Depth) Function   	        Calls       Base Space   Used Autos Params    Refs
 ---------------------------------------------------------------------------------
 (0) _main                                                11    11      0      60
                                              0 COMMON    11    11      0
 ---------------------------------------------------------------------------------
 Estimated maximum stack depth 0
 ---------------------------------------------------------------------------------

 Call Graph Graphs:

 _main (ROOT)

 Address spaces:
Name               Size   Autos  Total    Cost      Usage
BITCOMMON            E      0       0       0        0.0%
EEDATA             100      0       0       0        0.0%
NULL                 0      0       0       0        0.0%
CODE                 0      0       0       0        0.0%
COMMON               E      B       B       1       78.6%
BITSFR0              0      0       0       1        0.0%
SFR0                 0      0       0       1        0.0%
BITSFR1              0      0       0       2        0.0%
SFR1                 0      0       0       2        0.0%
STACK                0      0       0       2        0.0%
BITBANK0            50      0       0       3        0.0%
BANK0               50      0       0       4        0.0%
BANK1               20      0       0       5        0.0%
ABS                  0      0       0       6        0.0%
BITBANK1            20      0       0       7        0.0%
DATA                 0      0       0       8        0.0%


Microchip Technology PIC Macro Assembler V2.20 build 20200408173844 
Symbol Table                                                                                   Tue Feb 16 15:34:37 2021

                     l30 07D9                       l32 07F8                       l27 07B8  
                     l28 07FB                       l29 07EE                       u10 07C8  
                     u11 07C7                       u20 07DE                       u21 07DD  
                     u30 07F8                       u31 07F7                       u15 07C4  
                     u35 07F4                       u47 07AE                       u57 07D1  
                     u67 07E3                      l631 0794                      l641 07B7  
                    l633 0798                      l651 07D6                      l643 07C8  
                    l635 079A                      l627 078E                      l645 07CA  
                    l637 07A7                      l629 0792                      l655 07DF  
                    l647 07CC                      l639 07B5                      l649 07CD  
                   _GPIO 0005                     _main 078E                     btemp 007E  
            main@timeout 0075                     start 0000                    ?_main 0070  
                  _ANSEL 009F                    _VRCON 0099             main@interval 0073  
                  main@i 0079                    status 0003                    wtemp0 007E  
        __initialization 07FE             __end_of_main 07FE                   ??_main 0070  
                 _ADCON0 001F                   _CMCON0 0019                   _WDTCON 0018  
                 _TRISIO 0085                   _SWDTEN 00C0                   main@ct 0077  
__end_of__initialization 07FE           __pcstackCOMMON 0070               __pmaintext 078E  
   end_of_initialization 07FE      start_initialization 07FE                ___latbits 0000  
               _GPIObits 0005            __size_of_main 0070               _OPTION_REG 0081  
